JOINING RING
===============================================
STABILIZING
===============================================
ID:  66
Successor ID:  100
===============================================
=============== FINGER TABLE ==================
Entry:  0  Interval start:  67  Successor:  100
Entry:  1  Interval start:  68  Successor:  None
Entry:  2  Interval start:  70  Successor:  None
Entry:  3  Interval start:  74  Successor:  None
Entry:  4  Interval start:  82  Successor:  None
Entry:  5  Interval start:  98  Successor:  None
Entry:  6  Interval start:  2  Successor:  100
===============================================
DATA STORE
===============================================
{}
===============================================
+++++++++++++++ END +++++++++++++++++++++++++++



Adding listing with args:  ['{"id":"l2","title":"Manhattan Apartment","host_id":"u2","host_name":"Bob","host_password":"pw_u2","location":"New York","latitude":40.7,"longitude":-73.9,"room_type":"Entire home","price":200,"minimum_nights":3,"number_of_reviews":28,"last_review":"2023-03-15","reviews_per_month":0.7,"calculated_host_listings_count":2,"availability_365":150,"zipcode":10001}']
Adding listing with args:  ['{"id":"l3","title":"Charming SF Studio","host_id":"u3","host_name":"Carol","host_password":"pw_u3","location":"San Francisco","latitude":37.7,"longitude":-122.4,"room_type":"Entire home","price":175,"minimum_nights":1,"number_of_reviews":40,"last_review":"2023-02-12","reviews_per_month":1.2,"calculated_host_listings_count":3,"availability_365":300,"zipcode":94121}']
Adding listing with args:  ['{"id":"l4","title":"Seattle Downtown Condo","host_id":"u4","host_name":"Dana","host_password":"pw_u4","location":"Seattle","latitude":47.6,"longitude":-122.3,"room_type":"Entire home","price":150,"minimum_nights":2,"number_of_reviews":10,"last_review":"2023-03-10","reviews_per_month":0.5,"calculated_host_listings_count":1,"availability_365":180,"zipcode":98101}']
Adding listing with args:  ['{"id":"l5","title":"NYC Loft","host_id":"u5","host_name":"Evan","host_password":"pw_u5","location":"New York","latitude":40.7,"longitude":-73.9,"room_type":"Loft","price":120,"minimum_nights":2,"number_of_reviews":18,"last_review":"2023-01-20","reviews_per_month":0.6,"calculated_host_listings_count":2,"availability_365":220,"zipcode":10001}']
Adding listing with args:  ['{"id":"l7","title":"Seattle Loft","host_id":"u7","host_name":"George","host_password":"pw_u7","location":"Seattle","latitude":47.6,"longitude":-122.3,"room_type":"Loft","price":140,"minimum_nights":3,"number_of_reviews":22,"last_review":"2023-02-28","reviews_per_month":0.9,"calculated_host_listings_count":3,"availability_365":210,"zipcode":98101}']
Adding listing with args:  ['{"id":"l8","title":"NYC Studio","host_id":"u8","host_name":"Hannah","host_password":"pw_u8","location":"New York","latitude":40.7,"longitude":-73.9,"room_type":"Studio","price":90,"minimum_nights":1,"number_of_reviews":12,"last_review":"2023-03-05","reviews_per_month":0.4,"calculated_host_listings_count":1,"availability_365":190,"zipcode":10001}']
Adding listing with args:  ['{"id":"l9","title":"SF Downtown Cabin","host_id":"u9","host_name":"Ian","host_password":"pw_u9","location":"San Francisco","latitude":37.7,"longitude":-122.4,"room_type":"Cabin","price":110,"minimum_nights":2,"number_of_reviews":15,"last_review":"2023-01-15","reviews_per_month":0.5,"calculated_host_listings_count":2,"availability_365":170,"zipcode":94121}']
Adding listing with args:  ['{"id":"l10","title":"SF Cozy Cottage","host_id":"u10","host_name":"Jack","host_password":"pw_u10","location":"San Francisco","latitude":37.7,"longitude":-122.4,"room_type":"Cottage","price":95,"minimum_nights":1,"number_of_reviews":7,"last_review":"2023-04-01","reviews_per_month":0.2,"calculated_host_listings_count":1,"availability_365":150,"zipcode":94121}']
Adding listing with args:  ['{"id":"l11","title":"SF Cozy Cottage 2","host_id":"u10","host_name":"Jack","host_password":"pw_u10","location":"San Francisco","latitude":37.7,"longitude":-122.4,"room_type":"Cottage","price":95,"minimum_nights":1,"number_of_reviews":7,"last_review":"2023-04-01","reviews_per_month":0.2,"calculated_host_listings_count":1,"availability_365":150,"zipcode":94121}']
