JOINING RING
===============================================
STABILIZING
===============================================
ID:  29
Successor ID:  66
===============================================
=============== FINGER TABLE ==================
Entry:  0  Interval start:  30  Successor:  66
Entry:  1  Interval start:  31  Successor:  None
Entry:  2  Interval start:  33  Successor:  None
Entry:  3  Interval start:  37  Successor:  66
Entry:  4  Interval start:  45  Successor:  None
Entry:  5  Interval start:  61  Successor:  None
Entry:  6  Interval start:  93  Successor:  None
===============================================
DATA STORE
===============================================
{}
===============================================
+++++++++++++++ END +++++++++++++++++++++++++++



===============================================
STABILIZING
===============================================
ID:  29
Successor ID:  66
predecessor ID:  100
===============================================
=============== FINGER TABLE ==================
Entry:  0  Interval start:  30  Successor:  66
Entry:  1  Interval start:  31  Successor:  None
Entry:  2  Interval start:  33  Successor:  66
Entry:  3  Interval start:  37  Successor:  66
Entry:  4  Interval start:  45  Successor:  None
Entry:  5  Interval start:  61  Successor:  None
Entry:  6  Interval start:  93  Successor:  None
===============================================
DATA STORE
===============================================
{}
===============================================
+++++++++++++++ END +++++++++++++++++++++++++++



Adding listing with args:  ['{"id":"l2","title":"Manhattan Apartment","host_id":"u2","host_name":"Bob","location":"New York","latitude":40.7,"longitude":-73.9,"room_type":"Entire home","price":200,"minimum_nights":3,"number_of_reviews":28,"last_review":"2023-03-15","reviews_per_month":0.7,"calculated_host_listings_count":2,"availability_365":150,"zipcode":10001}']
insertion for  l2  with hash  109
===============================================
STABILIZING
===============================================
ID:  29
Successor ID:  66
predecessor ID:  100
===============================================
=============== FINGER TABLE ==================
Entry:  0  Interval start:  30  Successor:  66
Entry:  1  Interval start:  31  Successor:  None
Entry:  2  Interval start:  33  Successor:  66
Entry:  3  Interval start:  37  Successor:  66
Entry:  4  Interval start:  45  Successor:  66
Entry:  5  Interval start:  61  Successor:  None
Entry:  6  Interval start:  93  Successor:  None
===============================================
DATA STORE
===============================================
{'zipcode:98101': '["l1"]', 'listing:l2': '{"id": "l2", "title": "Manhattan Apartment", "host_id": "u2", "host_name": "Bob", "location": "New York", "latitude": 40.7, "longitude": -73.9, "room_type": "Entire home", "price": 200, "minimum_nights": 3, "number_of_reviews": 28, "last_review": "2023-03-15", "reviews_per_month": 0.7, "calculated_host_listings_count": 2, "availability_365": 150, "zipcode": 10001}', 'zipcode:10001': '["l2"]', 'city:new york': '["l2"]'}
===============================================
+++++++++++++++ END +++++++++++++++++++++++++++



Adding listing with args:  ['{"id":"l3","title":"Charming SF Studio","host_id":"u3","host_name":"Carol","location":"San Francisco","latitude":37.7,"longitude":-122.4,"room_type":"Entire home","price":175,"minimum_nights":1,"number_of_reviews":40,"last_review":"2023-02-12","reviews_per_month":1.2,"calculated_host_listings_count":3,"availability_365":300,"zipcode":94121}']
insertion for  l3  with hash  6
query for  listing:l3  with hash  6
QUERY -  l3  about to send:  {"id": "l3", "title": "Charming SF Studio", "host_id": "u3", "host_name": "Carol", "location": "San Francisco", "latitude": 37.7, "longitude": -122.4, "room_type": "Entire home", "price": 175, "minimum_nights": 1, "number_of_reviews": 40, "last_review": "2023-02-12", "reviews_per_month": 1.2, "calculated_host_listings_count": 3, "availability_365": 300, "zipcode": 94121}
Adding listing with args:  ['{"id":"l4","title":"Seattle Downtown Condo","host_id":"u4","host_name":"Dana","location":"Seattle","latitude":47.6,"longitude":-122.3,"room_type":"Entire home","price":150,"minimum_nights":2,"number_of_reviews":10,"last_review":"2023-03-10","reviews_per_month":0.5,"calculated_host_listings_count":1,"availability_365":180,"zipcode":98101}']
insertion for  l4  with hash  3
===============================================
STABILIZING
===============================================
ID:  29
Successor ID:  66
predecessor ID:  100
===============================================
=============== FINGER TABLE ==================
Entry:  0  Interval start:  30  Successor:  66
Entry:  1  Interval start:  31  Successor:  None
Entry:  2  Interval start:  33  Successor:  66
Entry:  3  Interval start:  37  Successor:  66
Entry:  4  Interval start:  45  Successor:  66
Entry:  5  Interval start:  61  Successor:  None
Entry:  6  Interval start:  93  Successor:  100
===============================================
DATA STORE
===============================================
{'zipcode:98101': '["l1", "l4"]', 'listing:l2': '{"id": "l2", "title": "Manhattan Apartment", "host_id": "u2", "host_name": "Bob", "location": "New York", "latitude": 40.7, "longitude": -73.9, "room_type": "Entire home", "price": 200, "minimum_nights": 3, "number_of_reviews": 28, "last_review": "2023-03-15", "reviews_per_month": 0.7, "calculated_host_listings_count": 2, "availability_365": 150, "zipcode": 10001}', 'zipcode:10001': '["l2", "l5"]', 'city:new york': '["l2", "l5"]', 'listing:l3': '{"id": "l3", "title": "Charming SF Studio", "host_id": "u3", "host_name": "Carol", "location": "San Francisco", "latitude": 37.7, "longitude": -122.4, "room_type": "Entire home", "price": 175, "minimum_nights": 1, "number_of_reviews": 40, "last_review": "2023-02-12", "reviews_per_month": 1.2, "calculated_host_listings_count": 3, "availability_365": 300, "zipcode": 94121}', 'listing:l4': '{"id": "l4", "title": "Seattle Downtown Condo", "host_id": "u4", "host_name": "Dana", "location": "Seattle", "latitude": 47.6, "longitude": -122.3, "room_type": "Entire home", "price": 150, "minimum_nights": 2, "number_of_reviews": 10, "last_review": "2023-03-10", "reviews_per_month": 0.5, "calculated_host_listings_count": 1, "availability_365": 180, "zipcode": 98101}'}
===============================================
+++++++++++++++ END +++++++++++++++++++++++++++



Adding listing with args:  ['{"id":"l6","title":"SF Modern Flat","host_id":"u6","host_name":"Fiona","location":"San Francisco","latitude":37.7,"longitude":-122.4,"room_type":"Apartment","price":130,"minimum_nights":2,"number_of_reviews":25,"last_review":"2023-04-01","reviews_per_month":0.8,"calculated_host_listings_count":4,"availability_365":160,"zipcode":94121}']
insertion for  l6  with hash  82
query for  listing:l6  with hash  82
QUERY -  l6  about to send:  {"id": "l6", "title": "SF Modern Flat", "host_id": "u6", "host_name": "Fiona", "location": "San Francisco", "latitude": 37.7, "longitude": -122.4, "room_type": "Apartment", "price": 130, "minimum_nights": 2, "number_of_reviews": 25, "last_review": "2023-04-01", "reviews_per_month": 0.8, "calculated_host_listings_count": 4, "availability_365": 160, "zipcode": 94121}
===============================================
STABILIZING
===============================================
ID:  29
Successor ID:  66
predecessor ID:  100
===============================================
=============== FINGER TABLE ==================
Entry:  0  Interval start:  30  Successor:  66
Entry:  1  Interval start:  31  Successor:  None
Entry:  2  Interval start:  33  Successor:  66
Entry:  3  Interval start:  37  Successor:  66
Entry:  4  Interval start:  45  Successor:  66
Entry:  5  Interval start:  61  Successor:  None
Entry:  6  Interval start:  93  Successor:  100
===============================================
DATA STORE
===============================================
{'zipcode:98101': '["l1", "l4", "l7"]', 'listing:l2': '{"id": "l2", "title": "Manhattan Apartment", "host_id": "u2", "host_name": "Bob", "location": "New York", "latitude": 40.7, "longitude": -73.9, "room_type": "Entire home", "price": 200, "minimum_nights": 3, "number_of_reviews": 28, "last_review": "2023-03-15", "reviews_per_month": 0.7, "calculated_host_listings_count": 2, "availability_365": 150, "zipcode": 10001}', 'zipcode:10001': '["l2", "l5"]', 'city:new york': '["l2", "l5"]', 'listing:l3': '{"id": "l3", "title": "Charming SF Studio", "host_id": "u3", "host_name": "Carol", "location": "San Francisco", "latitude": 37.7, "longitude": -122.4, "room_type": "Entire home", "price": 175, "minimum_nights": 1, "number_of_reviews": 40, "last_review": "2023-02-12", "reviews_per_month": 1.2, "calculated_host_listings_count": 3, "availability_365": 300, "zipcode": 94121}', 'listing:l4': '{"id": "l4", "title": "Seattle Downtown Condo", "host_id": "u4", "host_name": "Dana", "location": "Seattle", "latitude": 47.6, "longitude": -122.3, "room_type": "Entire home", "price": 150, "minimum_nights": 2, "number_of_reviews": 10, "last_review": "2023-03-10", "reviews_per_month": 0.5, "calculated_host_listings_count": 1, "availability_365": 180, "zipcode": 98101}'}
===============================================
+++++++++++++++ END +++++++++++++++++++++++++++



Adding listing with args:  ['{"id":"l9","title":"SF Downtown Cabin","host_id":"u9","host_name":"Ian","location":"San Francisco","latitude":37.7,"longitude":-122.4,"room_type":"Cabin","price":110,"minimum_nights":2,"number_of_reviews":15,"last_review":"2023-01-15","reviews_per_month":0.5,"calculated_host_listings_count":2,"availability_365":170,"zipcode":94121}']
insertion for  l9  with hash  49
query for  listing:l9  with hash  49
QUERY -  l9  about to send:  {"id": "l9", "title": "SF Downtown Cabin", "host_id": "u9", "host_name": "Ian", "location": "San Francisco", "latitude": 37.7, "longitude": -122.4, "room_type": "Cabin", "price": 110, "minimum_nights": 2, "number_of_reviews": 15, "last_review": "2023-01-15", "reviews_per_month": 0.5, "calculated_host_listings_count": 2, "availability_365": 170, "zipcode": 94121}
===============================================
STABILIZING
===============================================
ID:  29
Successor ID:  66
predecessor ID:  100
===============================================
=============== FINGER TABLE ==================
Entry:  0  Interval start:  30  Successor:  66
Entry:  1  Interval start:  31  Successor:  None
Entry:  2  Interval start:  33  Successor:  66
Entry:  3  Interval start:  37  Successor:  66
Entry:  4  Interval start:  45  Successor:  66
Entry:  5  Interval start:  61  Successor:  None
Entry:  6  Interval start:  93  Successor:  100
===============================================
DATA STORE
===============================================
{'zipcode:98101': '["l1", "l4", "l7"]', 'listing:l2': '{"id": "l2", "title": "Manhattan Apartment", "host_id": "u2", "host_name": "Bob", "location": "New York", "latitude": 40.7, "longitude": -73.9, "room_type": "Entire home", "price": 200, "minimum_nights": 3, "number_of_reviews": 28, "last_review": "2023-03-15", "reviews_per_month": 0.7, "calculated_host_listings_count": 2, "availability_365": 150, "zipcode": 10001}', 'zipcode:10001': '["l2", "l5", "l8"]', 'city:new york': '["l2", "l5", "l8"]', 'listing:l3': '{"id": "l3", "title": "Charming SF Studio", "host_id": "u3", "host_name": "Carol", "location": "San Francisco", "latitude": 37.7, "longitude": -122.4, "room_type": "Entire home", "price": 175, "minimum_nights": 1, "number_of_reviews": 40, "last_review": "2023-02-12", "reviews_per_month": 1.2, "calculated_host_listings_count": 3, "availability_365": 300, "zipcode": 94121}', 'listing:l4': '{"id": "l4", "title": "Seattle Downtown Condo", "host_id": "u4", "host_name": "Dana", "location": "Seattle", "latitude": 47.6, "longitude": -122.3, "room_type": "Entire home", "price": 150, "minimum_nights": 2, "number_of_reviews": 10, "last_review": "2023-03-10", "reviews_per_month": 0.5, "calculated_host_listings_count": 1, "availability_365": 180, "zipcode": 98101}'}
===============================================
+++++++++++++++ END +++++++++++++++++++++++++++



===============================================
STABILIZING
===============================================
ID:  29
Successor ID:  66
predecessor ID:  100
===============================================
=============== FINGER TABLE ==================
Entry:  0  Interval start:  30  Successor:  66
Entry:  1  Interval start:  31  Successor:  None
Entry:  2  Interval start:  33  Successor:  66
Entry:  3  Interval start:  37  Successor:  66
Entry:  4  Interval start:  45  Successor:  66
Entry:  5  Interval start:  61  Successor:  66
Entry:  6  Interval start:  93  Successor:  100
===============================================
DATA STORE
===============================================
{'zipcode:98101': '["l1", "l4", "l7"]', 'listing:l2': '{"id": "l2", "title": "Manhattan Apartment", "host_id": "u2", "host_name": "Bob", "location": "New York", "latitude": 40.7, "longitude": -73.9, "room_type": "Entire home", "price": 200, "minimum_nights": 3, "number_of_reviews": 28, "last_review": "2023-03-15", "reviews_per_month": 0.7, "calculated_host_listings_count": 2, "availability_365": 150, "zipcode": 10001}', 'zipcode:10001': '["l2", "l5", "l8"]', 'city:new york': '["l2", "l5", "l8"]', 'listing:l3': '{"id": "l3", "title": "Charming SF Studio", "host_id": "u3", "host_name": "Carol", "location": "San Francisco", "latitude": 37.7, "longitude": -122.4, "room_type": "Entire home", "price": 175, "minimum_nights": 1, "number_of_reviews": 40, "last_review": "2023-02-12", "reviews_per_month": 1.2, "calculated_host_listings_count": 3, "availability_365": 300, "zipcode": 94121}', 'listing:l4': '{"id": "l4", "title": "Seattle Downtown Condo", "host_id": "u4", "host_name": "Dana", "location": "Seattle", "latitude": 47.6, "longitude": -122.3, "room_type": "Entire home", "price": 150, "minimum_nights": 2, "number_of_reviews": 10, "last_review": "2023-03-10", "reviews_per_month": 0.5, "calculated_host_listings_count": 1, "availability_365": 180, "zipcode": 98101}'}
===============================================
+++++++++++++++ END +++++++++++++++++++++++++++



